


ARM Macro Assembler    Page 1 


    1 00000000 400253FC 
                       GPIO_PORTF_DATA_R
                               EQU              0x400253FC
    2 00000000 40025400 
                       GPIO_PORTF_DIR_R
                               EQU              0x40025400
    3 00000000 40025420 
                       GPIO_PORTF_AFSEL_R
                               EQU              0x40025420
    4 00000000 40025510 
                       GPIO_PORTF_PUR_R
                               EQU              0x40025510
    5 00000000 4002551C 
                       GPIO_PORTF_DEN_R
                               EQU              0x4002551C
    6 00000000 40025528 
                       GPIO_PORTF_AMSEL_R
                               EQU              0x40025528
    7 00000000 4002552C 
                       GPIO_PORTF_PCTL_R
                               EQU              0x4002552C
    8 00000000 40025004 
                       PF0     EQU              0x40025004  ;  SW2 - negative l
                                                            ogic
    9 00000000 40025008 
                       PF1     EQU              0x40025008  ; RED LED
   10 00000000 40025010 
                       PF2     EQU              0x40025010  ;  BLUE LED - ORIG
   11 00000000 40025020 
                       PF3     EQU              0x40025020  ; GREEN LED
   12 00000000 40025040 
                       PF4     EQU              0x40025040  ; SW1 - ORIG -negat
                                                            ive logic
   13 00000000 40025038 
                       PFA     EQU              0x40025038  ;  3 colours :
   14 00000000 400FE608 
                       SYSCTL_RCGCGPIO_R
                               EQU              0x400FE608
   15 00000000         
   16 00000000                 AREA             |.text|, CODE, READONLY, ALIGN=
2
   17 00000000                 THUMB
   18 00000000                 EXPORT           Start
   19 00000000         
   20 00000000         Start
   21 00000000         
   22 00000000         ; initialize PF 1-3 output, PF4 an input, 
   23 00000000         ; enable digital I/O, ensure alt. functions off.
   24 00000000         ; Input: none, Output: none, Modifies: R0, R1
   25 00000000         
   26 00000000         ; activate clock for Port F
   27 00000000 4926            LDR              R1, =SYSCTL_RCGCGPIO_R
   28 00000002 6808            LDR              R0, [R1]
   29 00000004 F040 0020       ORR              R0, R0, #0x20 ; set bit 5 to tu
                                                            rn on clock
   30 00000008 6008            STR              R0, [R1]
   31 0000000A BF00            NOP                          ; allow time for cl
                                                            ock to finish
   32 0000000C BF00            NOP



ARM Macro Assembler    Page 2 


   33 0000000E BF00            NOP
   34 00000010         
   35 00000010         ; no need to unlock PF2
   36 00000010         
   37 00000010         ; disable analog functionality
   38 00000010 4923            LDR              R1, =GPIO_PORTF_AMSEL_R
   39 00000012 6808            LDR              R0, [R1]
   40 00000014 F020 000E       BIC              R0, #0x0E   ; 0 means analog is
                                                             off
   41 00000018 6008            STR              R0, [R1]
   42 0000001A         
   43 0000001A         ;configure as GPIO
   44 0000001A 4922            LDR              R1, =GPIO_PORTF_PCTL_R
   45 0000001C 6808            LDR              R0, [R1]
   46 0000001E F420 607F       BIC              R0, R0, #0x00000FF0 
                                                            ; Clears bit 1 & 2
   47 00000022 F420 207F       BIC              R0, R0, #0x000FF000 
                                                            ; Clears bit 3 & 4
   48 00000026 6008            STR              R0, [R1]
   49 00000028         
   50 00000028         ;set direction register
   51 00000028 491F            LDR              R1, =GPIO_PORTF_DIR_R
   52 0000002A 6808            LDR              R0, [R1]
   53 0000002C F040 000E       ORR              R0, R0, #0x0E 
                                                            ; PF 1,2,3 output 
   54 00000030 F020 0010       BIC              R0, R0, #0x10 ; Make PF4 built-
                                                            in button input
   55 00000034 6008            STR              R0, [R1]
   56 00000036         
   57 00000036         ; regular port function
   58 00000036 491D            LDR              R1, =GPIO_PORTF_AFSEL_R
   59 00000038 6808            LDR              R0, [R1]
   60 0000003A F020 001E       BIC              R0, R0, #0x1E ; 0 means disable
                                                             alternate function
                                                            
   61 0000003E 6008            STR              R0, [R1]
   62 00000040         
   63 00000040         ; pull-up resistors on switch pins
   64 00000040 491B            LDR              R1, =GPIO_PORTF_PUR_R ; R1 = &G
                                                            PIO_PORTF_PUR_R
   65 00000042 6808            LDR              R0, [R1]    ; R0 = [R1]
   66 00000044 F040 0010       ORR              R0, R0, #0x10 ; R0 = R0|0x10 (e
                                                            nable pull-up on PF
                                                            4)
   67 00000048 6008            STR              R0, [R1]    ; [R1] = R0
   68 0000004A         
   69 0000004A         ; enable digital port
   70 0000004A 491A            LDR              R1, =GPIO_PORTF_DEN_R ; 7) enab
                                                            le Port F digital p
                                                            ort
   71 0000004C 6808            LDR              R0, [R1]
   72 0000004E F040 000E       ORR              R0,#0x0E    ; 1 means enable di
                                                            gital I/O
   73 00000052 F040 0010       ORR              R0, R0, #0x10 ; R0 = R0|0x10 (e
                                                            nable digital I/O o
                                                            n PF4)
   74 00000056 6008            STR              R0, [R1]
   75 00000058         
   76 00000058 4C17            LDR              R4, =PF4    ; R4 = &PF4



ARM Macro Assembler    Page 3 


   77 0000005A         
   78 0000005A         loop                                 ; in this loop, the
                                                             appliance (PF2) to
                                                            ggles when the swit
                                                            ch is released
   79 0000005A F000 F80F       BL               SSR_On
   80 0000005E         waitforpress1                        ; proceed only when
                                                             the button is pres
                                                            sed
   81 0000005E 6820            LDR              R0, [R4]    ; R0 = [R4] (read s
                                                            tatus of PF4)
   82 00000060 2810            CMP              R0, #0x10   ; R0 == 0x10?
   83 00000062 D0FC            BEQ              waitforpress1 ; if so, spin
   84 00000064         waitforrelease1                      ; proceed only when
                                                             the button is rele
                                                            ased
   85 00000064 6820            LDR              R0, [R4]    ; R0 = [R4] (read s
                                                            tatus of PF4)
   86 00000066 2810            CMP              R0, #0x10   ; R0 != 0x10?
   87 00000068 D1FC            BNE              waitforrelease1 ; if so, spin
   88 0000006A F000 F80C       BL               SSR_Off
   89 0000006E         waitforpress2                        ; proceed only when
                                                             the button is pres
                                                            sed
   90 0000006E 6820            LDR              R0, [R4]    ; R0 = [R4] (read s
                                                            tatus of PF4)
   91 00000070 2810            CMP              R0, #0x10   ; R0 == 0x10?
   92 00000072 D0FC            BEQ              waitforpress2 ; if so, spin
   93 00000074         waitforrelease2                      ; proceed only when
                                                             the button is rele
                                                            ased
   94 00000074 6820            LDR              R0, [R4]    ; R0 = [R4] (read s
                                                            tatus of PF4)
   95 00000076 2810            CMP              R0, #0x10   ; R0 != 0x10?
   96 00000078 D1FC            BNE              waitforrelease2 ; if so, spin
   97 0000007A E7EE            B                loop
   98 0000007C         
   99 0000007C         ;------------SSR_On------------
  100 0000007C         ; Make PF2 high.
  101 0000007C         ; Input: none
  102 0000007C         ; Output: none
  103 0000007C         ; Modifies: R0, R1
  104 0000007C         SSR_On
  105 0000007C 490F            LDR              R1, =PF2    ; R1 = &PF2
  106 0000007E F04F 000E       MOV              R0, #0x0E   ; R0 = 0x04 (turn o
                                                            n the appliance)
  107 00000082 6008            STR              R0, [R1]    ; [R1] = R0, write 
                                                            to PF2
  108 00000084 4770            BX               LR          ; return. bx stands
                                                             for branch and exc
                                                            hange instruction s
                                                            et 
  109 00000086         ;Which means that according to the 
  110 00000086         ;lsb (least significant bit) of the address to branch to
                       , 
  111 00000086         ;the processor will treat the next instruction as ARM or
                        as thumb.
  112 00000086         
  113 00000086         ;------------SSR_Off------------



ARM Macro Assembler    Page 4 


  114 00000086         ; Make PF2 low.
  115 00000086         ; Input: none
  116 00000086         ; Output: none
  117 00000086         ; Modifies: R0, R1
  118 00000086         SSR_Off
  119 00000086 490D            LDR              R1, =PF2    ; R1 = &PF2
  120 00000088 F04F 0000       MOV              R0, #0x00   ; R0 = 0x00 (turn o
                                                            ff the appliance)
  121 0000008C 6008            STR              R0, [R1]    ; [R1] = R0, write 
                                                            to PF2
  122 0000008E 4770            BX               LR          ; return
  123 00000090         
  124 00000090         SSR_Toggle
  125 00000090 490B            LDR              R1, =PFA    ; R1 is 0x40025010
  126 00000092 6808            LDR              R0, [R1]    ; previous value
  127 00000094 F080 000E       EOR              R0, R0, #0x0E ; flip bit 2: 0x0
                                                            4 1: 0x02
  128 00000098 6008            STR              R0, [R1]    ; affect just PF2
  129 0000009A 4770            BX               LR
  130 0000009C         
  131 0000009C                 ALIGN                        ; make sure the end
                                                             of this section is
                                                             aligned
  132 0000009C                 END                          ; end of file
              400FE608 
              40025528 
              4002552C 
              40025400 
              40025420 
              40025510 
              4002551C 
              40025040 
              40025010 
              40025038 
Command Line: --debug --xref --diag_suppress=9931 --cpu=Cortex-M4.fp.sp --apcs=
interwork --depend=.\objects\main.d -o.\objects\main.o -ID:\Engineering_softwar
e\Keil_v5\pack\Keil\TM4C_DFP\1.1.0\Device\Include\TM4C123 -ID:\Engineering_soft
ware\Keil_v5\ARM\CMSIS\Include --predefine="__EVAL SETA 1" --predefine="__UVISI
ON_VERSION SETA 531" --predefine="TM4C123GH6PM SETA 1" --list=.\listings\main.l
st main.s



ARM Macro Assembler    Page 1 Alphabetic symbol ordering
Relocatable symbols

.text 00000000

Symbol: .text
   Definitions
      At line 16 in file main.s
   Uses
      None
Comment: .text unused
SSR_Off 00000086

Symbol: SSR_Off
   Definitions
      At line 118 in file main.s
   Uses
      At line 88 in file main.s
Comment: SSR_Off used once
SSR_On 0000007C

Symbol: SSR_On
   Definitions
      At line 104 in file main.s
   Uses
      At line 79 in file main.s
Comment: SSR_On used once
SSR_Toggle 00000090

Symbol: SSR_Toggle
   Definitions
      At line 124 in file main.s
   Uses
      None
Comment: SSR_Toggle unused
Start 00000000

Symbol: Start
   Definitions
      At line 20 in file main.s
   Uses
      At line 18 in file main.s
Comment: Start used once
loop 0000005A

Symbol: loop
   Definitions
      At line 78 in file main.s
   Uses
      At line 97 in file main.s
Comment: loop used once
waitforpress1 0000005E

Symbol: waitforpress1
   Definitions
      At line 80 in file main.s
   Uses
      At line 83 in file main.s
Comment: waitforpress1 used once
waitforpress2 0000006E

Symbol: waitforpress2



ARM Macro Assembler    Page 2 Alphabetic symbol ordering
Relocatable symbols

   Definitions
      At line 89 in file main.s
   Uses
      At line 92 in file main.s
Comment: waitforpress2 used once
waitforrelease1 00000064

Symbol: waitforrelease1
   Definitions
      At line 84 in file main.s
   Uses
      At line 87 in file main.s
Comment: waitforrelease1 used once
waitforrelease2 00000074

Symbol: waitforrelease2
   Definitions
      At line 93 in file main.s
   Uses
      At line 96 in file main.s
Comment: waitforrelease2 used once
10 symbols



ARM Macro Assembler    Page 1 Alphabetic symbol ordering
Absolute symbols

GPIO_PORTF_AFSEL_R 40025420

Symbol: GPIO_PORTF_AFSEL_R
   Definitions
      At line 3 in file main.s
   Uses
      At line 58 in file main.s
Comment: GPIO_PORTF_AFSEL_R used once
GPIO_PORTF_AMSEL_R 40025528

Symbol: GPIO_PORTF_AMSEL_R
   Definitions
      At line 6 in file main.s
   Uses
      At line 38 in file main.s
Comment: GPIO_PORTF_AMSEL_R used once
GPIO_PORTF_DATA_R 400253FC

Symbol: GPIO_PORTF_DATA_R
   Definitions
      At line 1 in file main.s
   Uses
      None
Comment: GPIO_PORTF_DATA_R unused
GPIO_PORTF_DEN_R 4002551C

Symbol: GPIO_PORTF_DEN_R
   Definitions
      At line 5 in file main.s
   Uses
      At line 70 in file main.s
Comment: GPIO_PORTF_DEN_R used once
GPIO_PORTF_DIR_R 40025400

Symbol: GPIO_PORTF_DIR_R
   Definitions
      At line 2 in file main.s
   Uses
      At line 51 in file main.s
Comment: GPIO_PORTF_DIR_R used once
GPIO_PORTF_PCTL_R 4002552C

Symbol: GPIO_PORTF_PCTL_R
   Definitions
      At line 7 in file main.s
   Uses
      At line 44 in file main.s
Comment: GPIO_PORTF_PCTL_R used once
GPIO_PORTF_PUR_R 40025510

Symbol: GPIO_PORTF_PUR_R
   Definitions
      At line 4 in file main.s
   Uses
      At line 64 in file main.s
Comment: GPIO_PORTF_PUR_R used once
PF0 40025004

Symbol: PF0



ARM Macro Assembler    Page 2 Alphabetic symbol ordering
Absolute symbols

   Definitions
      At line 8 in file main.s
   Uses
      None
Comment: PF0 unused
PF1 40025008

Symbol: PF1
   Definitions
      At line 9 in file main.s
   Uses
      None
Comment: PF1 unused
PF2 40025010

Symbol: PF2
   Definitions
      At line 10 in file main.s
   Uses
      At line 105 in file main.s
      At line 119 in file main.s

PF3 40025020

Symbol: PF3
   Definitions
      At line 11 in file main.s
   Uses
      None
Comment: PF3 unused
PF4 40025040

Symbol: PF4
   Definitions
      At line 12 in file main.s
   Uses
      At line 76 in file main.s
Comment: PF4 used once
PFA 40025038

Symbol: PFA
   Definitions
      At line 13 in file main.s
   Uses
      At line 125 in file main.s
Comment: PFA used once
SYSCTL_RCGCGPIO_R 400FE608

Symbol: SYSCTL_RCGCGPIO_R
   Definitions
      At line 14 in file main.s
   Uses
      At line 27 in file main.s
Comment: SYSCTL_RCGCGPIO_R used once
14 symbols
360 symbols in table
